Arguments: 
  D:\Program Files\Node.js\node.exe C:\Users\punym\AppData\Roaming\npm\node_modules\yarn\bin\yarn.js run build

PATH: 
  C:\Program Files\Common Files\Oracle\Java\javapath;C:\Python27\;C:\Python27\Scripts;C:\Program Files (x86)\Common Files\Intel\Shared Libraries\redist\intel64\compiler;C:\Program Files (x86)\Common Files\Oracle\Java\javapath;C:\Program Files (x86)\Intel\Intel(R) Management Engine Components\iCLS\;C:\Program Files\Intel\Intel(R) Management Engine Components\iCLS\;C:\Windows\system32;C:\Windows;C:\Windows\System32\Wbem;C:\Windows\System32\WindowsPowerShell\v1.0\;C:\Program Files (x86)\Intel\Intel(R) Management Engine Components\DAL;C:\Program Files\Intel\Intel(R) Management Engine Components\DAL;C:\Program Files (x86)\Intel\Intel(R) Management Engine Components\IPT;C:\Program Files\Intel\Intel(R) Management Engine Components\IPT;C:\Program Files (x86)\NVIDIA Corporation\PhysX\Common;C:\WINDOWS\system32;C:\WINDOWS;C:\WINDOWS\System32\Wbem;C:\WINDOWS\System32\WindowsPowerShell\v1.0\;C:\WINDOWS\System32\OpenSSH\;D:\Program Files\;C:\Program Files\Git\cmd;D:\Program Files\Java\bin;D:\Program Files (x86)\Windows Live\Shared;C:\Program Files\dotnet\;C:\Program Files\Microsoft SQL Server\130\Tools\Binn\;C:\Program Files\Microsoft SQL Server\Client SDK\ODBC\170\Tools\Binn\;C:\Users\punym\AppData\Local\Programs\Python\Python37-32;C:\Users\punym\AppData\Local\Programs\Python\Python37-32\Scripts;C:\ProgramData\chocolatey\bin;D:\Program Files (x86)\Microsoft SQL Server\150\Tools\Binn\;C:\Program Files\Microsoft SQL Server\150\Tools\Binn\;C:\Program Files\Microsoft SQL Server\150\DTS\Binn\;C:\Program Files (x86)\dotnet\;C:\WINDOWS\system32;C:\WINDOWS;C:\WINDOWS\System32\Wbem;C:\WINDOWS\System32\WindowsPowerShell\v1.0\;C:\WINDOWS\System32\OpenSSH\;D:\Program Files\Node.js\;C:\Users\punym\AppData\Local\Microsoft\WindowsApps;D:\Program Files\IntelliJ IDEA 2019.1.2\bin;D:\Users\punym\AppData\Local\Microsoft VS Code\bin;C:\Program Files\JetBrains\PyCharm 2019.1.3\bin;C:\Program Files\Java\jdk-14.0.2\bin;C:\Users\punym\.dotnet\tools;C:\Users\punym\AppData\Local\Microsoft\WindowsApps;C:\Users\punym\AppData\Local\GitHubDesktop\bin;C:\Users\punym\AppData\Roaming\npm

Yarn version: 
  1.22.19

Node version: 
  16.13.0

Platform: 
  win32 x64

Trace: 
  Invariant Violation: Script must exist
      at invariant (C:\Users\punym\AppData\Roaming\npm\node_modules\yarn\lib\cli.js:2318:15)
      at C:\Users\punym\AppData\Roaming\npm\node_modules\yarn\lib\cli.js:61545:11
      at Generator.next (<anonymous>)
      at step (C:\Users\punym\AppData\Roaming\npm\node_modules\yarn\lib\cli.js:310:30)
      at C:\Users\punym\AppData\Roaming\npm\node_modules\yarn\lib\cli.js:328:14
      at new Promise (<anonymous>)
      at new F (C:\Users\punym\AppData\Roaming\npm\node_modules\yarn\lib\cli.js:5305:28)
      at C:\Users\punym\AppData\Roaming\npm\node_modules\yarn\lib\cli.js:307:12
      at realRunCommand (C:\Users\punym\AppData\Roaming\npm\node_modules\yarn\lib\cli.js:61630:23)
      at action.action (C:\Users\punym\AppData\Roaming\npm\node_modules\yarn\lib\cli.js:61691:16)

npm manifest: 
  {
  	"name": "tytan",
  	"version": "1.0.0",
  	"main": "index.js",
  	"repository": "git@github.com:tyler-hawkins/tytan.git",
  	"author": "tyler-hawkins <udlr121@gmail.com>",
  	"license": "MIT",
  	"scripts": {
  		"build": ""
  	}
  }

yarn manifest: 
  No manifest

Lockfile: 
  # THIS IS AN AUTOGENERATED FILE. DO NOT EDIT THIS FILE DIRECTLY.
  # yarn lockfile v1
